生成启动时间为 2016/1/15 19:36:56。
     1>项目“D:\MyCodeHouse\MyFirstQtApp\MyFirstQtApp\MyFirstQtApp\MyFirstQtApp.vcxproj”在节点 2 上(build 个目标)。
     1>InitializeBuildStatus:
         正在创建“Debug\MyFirstQtApp.unsuccessfulbuild”，因为已指定“AlwaysCreate”。
       CustomBuild:
         Uic'ing myfirstqtapp.ui...
       ClCompile:
         C:\Program Files (x86)\Microsoft Visual Studio 10.0\VC\bin\CL.exe /c /I.\GeneratedFiles /I. /ID:\Qt\Qt5.5.1\5.5\msvc2010\\include /I.\GeneratedFiles\Debug /ID:\Qt\Qt5.5.1\5.5\msvc2010\\include\QtCore /ID:\Qt\Qt5.5.1\5.5\msvc2010\\include\QtGui /ID:\Qt\Qt5.5.1\5.5\msvc2010\\include\QtWidgets /Zi /nologo /W1 /WX- /Od /Oy- /D UNICODE /D WIN32 /D WIN64 /D QT_DLL /D QT_CORE_LIB /D QT_GUI_LIB /D QT_WIDGETS_LIB /Gm- /EHsc /MDd /GS /fp:precise /Zc:wchar_t /Zc:forScope /Fo"Debug\\" /Fd"Debug\vc100.pdb" /Gd /TP /analyze- /errorReport:prompt GeneratedFiles\Debug\moc_myfirstqtapp.cpp main.cpp myfirstqtapp.cpp
         moc_myfirstqtapp.cpp
         main.cpp
         myfirstqtapp.cpp
         正在生成代码...
         所有输出均为最新。
       Link:
         C:\Program Files (x86)\Microsoft Visual Studio 10.0\VC\bin\link.exe /ERRORREPORT:PROMPT /OUT:"D:\MyCodeHouse\MyFirstQtApp\MyFirstQtApp\Win32\Debug\\MyFirstQtApp.exe" /NOLOGO /LIBPATH:D:\Qt\Qt5.5.1\5.5\msvc2010\\lib qtmaind.lib Qt5Cored.lib Qt5Guid.lib Qt5Widgetsd.lib kernel32.lib user32.lib gdi32.lib winspool.lib comdlg32.lib advapi32.lib shell32.lib ole32.lib oleaut32.lib uuid.lib odbc32.lib odbccp32.lib /MANIFEST /ManifestFile:"Debug\MyFirstQtApp.exe.intermediate.manifest" /MANIFESTUAC:"level='asInvoker' uiAccess='false'" /DEBUG /PDB:"D:\MyCodeHouse\MyFirstQtApp\MyFirstQtApp\Win32\Debug\MyFirstQtApp.pdb" /SUBSYSTEM:WINDOWS /TLBID:1 /DYNAMICBASE /NXCOMPAT /IMPLIB:"D:\MyCodeHouse\MyFirstQtApp\MyFirstQtApp\Win32\Debug\MyFirstQtApp.lib" /MACHINE:X86 Debug\moc_myfirstqtapp.obj
         Debug\qrc_myfirstqtapp.obj
         Debug\main.obj
         Debug\myfirstqtapp.obj
         LINK : 没有找到 D:\MyCodeHouse\MyFirstQtApp\MyFirstQtApp\Win32\Debug\\MyFirstQtApp.exe 或上一个增量链接没有生成它；正在执行完全链接
         MyFirstQtApp.vcxproj -> D:\MyCodeHouse\MyFirstQtApp\MyFirstQtApp\Win32\Debug\MyFirstQtApp.exe
       Manifest:
         C:\Program Files (x86)\Microsoft SDKs\Windows\v7.0A\bin\mt.exe /nologo /verbose /outputresource:"D:\MyCodeHouse\MyFirstQtApp\MyFirstQtApp\Win32\Debug\\MyFirstQtApp.exe;#1" /manifest Debug\MyFirstQtApp.exe.intermediate.manifest
       FinalizeBuildStatus:
         正在删除文件“Debug\MyFirstQtApp.unsuccessfulbuild”。
         正在对“Debug\MyFirstQtApp.lastbuildstate”执行 Touch 任务。
     1>已完成生成项目“D:\MyCodeHouse\MyFirstQtApp\MyFirstQtApp\MyFirstQtApp\MyFirstQtApp.vcxproj”(build 个目标)的操作。

生成成功。

已用时间 00:00:05.54
